<?xml version="1.0" encoding="UTF-8"?>
<!-- Generated by org.testng.reporters.JUnitXMLReporter -->
<testsuite ignored="0" hostname="DESKTOP-TEPTGH9" failures="0" tests="1" name="cb1" time="0.076" errors="0" timestamp="2022-10-03T07:56:10 IST">
  <testcase classname="RunnerClass.AmounField_blank_testcase2CrossBrowsing" name="@BeforeClass launchBrowser" time="-1.664763970113E9">
    <failure type="org.testng.TestNGException" message="
Parameter &amp;apos;browser&amp;apos; is required by BeforeClass on method launchBrowser but has not been marked @Optional or defined
in C:\Users\lenovo03052022\eclipse-workspace\maven_office_project\testng.xml">
      <![CDATA[org.testng.TestNGException: 
Parameter 'browser' is required by BeforeClass on method launchBrowser but has not been marked @Optional or defined
in C:\Users\lenovo03052022\eclipse-workspace\maven_office_project\testng.xml
at java.base/java.util.ArrayList.forEach(ArrayList.java:1511)
... Removed 22 stack frames]]>
    </failure>
  </testcase> <!-- @BeforeClass launchBrowser -->
  <testcase classname="RunnerClass.AmounField_blank_testcase2CrossBrowsing" name="@BeforeMethod paybutton" time="-1.664763970145E9">
    <skipped/>
  </testcase> <!-- @BeforeMethod paybutton -->
  <testcase classname="RunnerClass.AmounField_blank_testcase2CrossBrowsing" name="@AfterMethod error_message" time="-1.664763970155E9">
    <skipped/>
  </testcase> <!-- @AfterMethod error_message -->
  <testcase classname="RunnerClass.AmounField_blank_testcase2CrossBrowsing" name="@AfterClass cloesbrowser" time="-1.664763970162E9">
    <skipped/>
  </testcase> <!-- @AfterClass cloesbrowser -->
  <testcase classname="RunnerClass.AmounField_blank_testcase2CrossBrowsing" name="AMOunt_field_blank_error_message" time="0.0">
    <skipped/>
  </testcase> <!-- AMOunt_field_blank_error_message -->
</testsuite> <!-- cb1 -->
