<?xml version="1.0" encoding="UTF-8"?>
<!-- Generated by org.testng.reporters.JUnitReportReporter -->
<testsuite hostname="DESKTOP-TEPTGH9" failures="0" tests="2" name="RunnerClass.TCNO555_AMOUNT_field_enter_string2crossbrowsing" time="-1665042304.000" errors="1" timestamp="2022-10-06T13:20:17 IST" skipped="1">
  <testcase classname="RunnerClass.TCNO555_AMOUNT_field_enter_string2crossbrowsing" name="checkstatus" time="0.000">
    <skipped/>
  </testcase> <!-- checkstatus -->
  <system-out/>
  <testcase classname="RunnerClass.TCNO555_AMOUNT_field_enter_string2crossbrowsing" name="launchbrwser" time="-1665042304.000">
    <error message="
Parameter &#039;browser name&#039; is required by BeforeClass on method launchbrwser but has not been marked @Optional or defined
in C:\Users\lenovo03052022\eclipse-workspace\maven_office_project\testng.xml" type="org.testng.TestNGException">
      <![CDATA[org.testng.TestNGException: 
Parameter 'browser name' is required by BeforeClass on method launchbrwser but has not been marked @Optional or defined
in C:\Users\lenovo03052022\eclipse-workspace\maven_office_project\testng.xml
at org.testng.internal.Parameters.createParams(Parameters.java:270)
at org.testng.internal.Parameters.createParametersForMethod(Parameters.java:358)
at org.testng.internal.Parameters.createParameters(Parameters.java:700)
at org.testng.internal.Parameters.createConfigurationParameters(Parameters.java:168)
at org.testng.internal.ConfigInvoker.invokeConfigurations(ConfigInvoker.java:302)
at org.testng.internal.TestMethodWorker.invokeBeforeClassMethods(TestMethodWorker.java:176)
at org.testng.internal.TestMethodWorker.run(TestMethodWorker.java:122)
at java.base/java.util.ArrayList.forEach(ArrayList.java:1511)
at org.testng.TestRunner.privateRun(TestRunner.java:794)
at org.testng.TestRunner.run(TestRunner.java:596)
at org.testng.SuiteRunner.runTest(SuiteRunner.java:377)
at org.testng.SuiteRunner.runSequentially(SuiteRunner.java:371)
at org.testng.SuiteRunner.privateRun(SuiteRunner.java:332)
at org.testng.SuiteRunner.run(SuiteRunner.java:276)
at org.testng.SuiteRunnerWorker.runSuite(SuiteRunnerWorker.java:53)
at org.testng.SuiteRunnerWorker.run(SuiteRunnerWorker.java:96)
at org.testng.TestNG.runSuitesSequentially(TestNG.java:1212)
at org.testng.TestNG.runSuitesLocally(TestNG.java:1134)
at org.testng.TestNG.runSuites(TestNG.java:1063)
at org.testng.TestNG.run(TestNG.java:1031)
at org.testng.remote.AbstractRemoteTestNG.run(AbstractRemoteTestNG.java:115)
at org.testng.remote.RemoteTestNG.initAndRun(RemoteTestNG.java:251)
at org.testng.remote.RemoteTestNG.main(RemoteTestNG.java:77)
]]>
    </error>
  </testcase> <!-- launchbrwser -->
  <system-out/>
</testsuite> <!-- RunnerClass.TCNO555_AMOUNT_field_enter_string2crossbrowsing -->
